<?xml version="1.0" encoding="UTF-8"?>
<!-- Generated by org.testng.reporters.JUnitReportReporter -->
<testsuite hostname="MBP-de-solvd.lan" failures="0" tests="4" name="petsuites.PetTests" time="1.691" errors="0" timestamp="31 ago. 2023 19:48:41 GMT" skipped="0">
  <testcase classname="petsuites.PetTests" name="findPetByStatusTest" time="0.157"/>
  <testcase classname="petsuites.PetTests" name="AddNewPetBadRequestTest" time="1.065"/>
  <testcase classname="petsuites.PetTests" name="updatePetTest" time="0.301"/>
  <testcase classname="petsuites.PetTests" name="AddNewPetTest" time="0.168"/>
</testsuite> <!-- petsuites.PetTests -->
